Informação: CustomCategory:processo_npi: 0 mini seconds publishing element
Informação: DeliveryProcess:processo_npi: 328 mini seconds publishing element
Informação: DeliveryProcess:processo_npi: 1531 mini seconds publishing process specific layout data
Informação: Activity:iniciar_projeto: 125 mini seconds publishing element
Informação: TaskDescriptor:prospectar_projetos: 16 mini seconds publishing element
Informação: TaskDescriptor:autorizar_projetos: 16 mini seconds publishing element
Informação: Activity:desenvolvimento: 109 mini seconds publishing element
Informação: Activity:elicitacao_inicial_requisitos: 297 mini seconds publishing element
Informação: TaskDescriptor:elicitar_requisitos: 94 mini seconds publishing element
Informação: TaskDescriptor:validar_requisitos: 47 mini seconds publishing element
Informação: TaskDescriptor:criar_backlog_do_produto: 15 mini seconds publishing element
Informação: Iteration:sprint: 110 mini seconds publishing element
Informação: Activity:planejar_sprint: 281 mini seconds publishing element
Informação: TaskDescriptor:cultivo_backlog: 15 mini seconds publishing element
Informação: TaskDescriptor:realizar_reuniao_de_planejamento_da_sprint: 0 mini seconds publishing element
Informação: Activity:especificar_caso_de_uso: 110 mini seconds publishing element
Informação: TaskDescriptor:especificar_caso_de_uso: 15 mini seconds publishing element
Informação: Activity:implementacao: 157 mini seconds publishing element
Informação: TaskDescriptor:preparar_ambiente: 0 mini seconds publishing element
Informação: TaskDescriptor:implementar_caso_de_uso: 15 mini seconds publishing element
Informação: TaskDescriptor:gerar_release: 0 mini seconds publishing element
Informação: Activity:testes: 219 mini seconds publishing element
Informação: TaskDescriptor:especificar_caso_de_teste: 125 mini seconds publishing element
Informação: TaskDescriptor:executar_teste: 58 mini seconds publishing element
Informação: TaskDescriptor:reportar_defeitos: 15 mini seconds publishing element
Informação: Activity:encerrar_sprint: 282 mini seconds publishing element
Informação: TaskDescriptor:realizar_reuniao_de_revisao_da_sprint: 78 mini seconds publishing element
Informação: TaskDescriptor:realizar_reuniao_retrospectiva: 47 mini seconds publishing element
Informação: Activity:gerenciamento_do_projeto: 218 mini seconds publishing element
Informação: TaskDescriptor:elaborar_plano_projeto: 47 mini seconds publishing element
Informação: TaskDescriptor:realizar_reuniao_de_kickoff: 47 mini seconds publishing element
Informação: TaskDescriptor:realizar_reuniao_de_status_do_npi: 141 mini seconds publishing element
Informação: TaskDescriptor:realizar_reuniao_diaria: 62 mini seconds publishing element
Informação: Activity:gerenciamento_de_configuracao: 156 mini seconds publishing element
Informação: TaskDescriptor:criar_plano_de_gerenciamento_de_configuracao: 32 mini seconds publishing element
Informação: TaskDescriptor:estabelecer_um_sistema_de_gestao_de_configuracao: 15 mini seconds publishing element
Informação: Activity:encerrar_projeto: 141 mini seconds publishing element
Informação: TaskDescriptor:realizar_reuniao_de_encerramento_do_projeto: 16 mini seconds publishing element
Informação: Activity:avaliacao_processo: 156 mini seconds publishing element
Informação: TaskDescriptor:avaliar_processo: 31 mini seconds publishing element
Informação: TaskDescriptor:corrigir_nao_conformidades: 16 mini seconds publishing element
Informação: TaskDescriptor:sugerir_melhorias: 0 mini seconds publishing element
Informação: RoleDescriptor:cliente: 0 mini seconds publishing element
Informação: RoleDescriptor:equipe_de_desenvolvimento: 15 mini seconds publishing element
Informação: RoleDescriptor:gerente_projeto: 0 mini seconds publishing element
Informação: RoleDescriptor:lider_tecnico: 16 mini seconds publishing element
Informação: WorkProductDescriptor:ata_de_reuniao: 0 mini seconds publishing element
Informação: WorkProductDescriptor:backlog_do_produto: 0 mini seconds publishing element
Informação: WorkProductDescriptor:caso_de_uso_crud_especifico: 0 mini seconds publishing element
Informação: WorkProductDescriptor:caso_de_uso_crud_generico: 0 mini seconds publishing element
Informação: WorkProductDescriptor:caso_de_uso_implementado: 16 mini seconds publishing element
Informação: WorkProductDescriptor:checklist_qualidade_processo: 0 mini seconds publishing element
Informação: WorkProductDescriptor:documento_de_especificacao_de_caso_de_uso: 0 mini seconds publishing element
Informação: WorkProductDescriptor:documento_de_especificacao_dos_requisitos: 109 mini seconds publishing element
Informação: WorkProductDescriptor:documento_de_preparacao_do_ambiente: 47 mini seconds publishing element
Informação: WorkProductDescriptor:documento_de_visao: 31 mini seconds publishing element
Informação: WorkProductDescriptor:caso_de_uso_complementar: 16 mini seconds publishing element
Informação: WorkProductDescriptor:plano_gerenciamento_configuracao_modelo: 0 mini seconds publishing element
Informação: WorkProductDescriptor:orientacao_planejamento_sprint: 31 mini seconds publishing element
Informação: WorkProductDescriptor:planilha_de_teste: 0 mini seconds publishing element
Informação: WorkProductDescriptor:plano_de_gerenciamento_de_configuracao: 31 mini seconds publishing element
Informação: WorkProductDescriptor:plano_projeto: 0 mini seconds publishing element
Informação: WorkProductDescriptor:release_do_produto: 47 mini seconds publishing element
Informação: WorkProductDescriptor:tutorial_de_instalacao_do_entities: 47 mini seconds publishing element
Informação: Task:prospectar_projetos: 46 mini seconds publishing element
Informação: Task:autorizar_projetos: 47 mini seconds publishing element
Informação: Role:gerente_projeto: 78 mini seconds publishing element
Informação: Role:cliente: 79 mini seconds publishing element
Informação: RoleDescriptor:gerente_projeto: 46 mini seconds publishing element
Informação: Task:elicitar_requisitos: 47 mini seconds publishing element
Informação: Task:validar_requisitos: 47 mini seconds publishing element
Informação: Task:criar_backlog_do_produto: 31 mini seconds publishing element
Informação: Role:equipe_de_desenvolvimento: 63 mini seconds publishing element
Informação: Role:lider_tecnico: 62 mini seconds publishing element
Informação: Artifact:documento_de_visao: 16 mini seconds publishing element
Informação: Artifact:documento_de_especificacao_dos_requisitos: 0 mini seconds publishing element
Informação: Artifact:backlog_do_produto: 31 mini seconds publishing element
Informação: RoleDescriptor:equipe_de_desenvolvimento: 0 mini seconds publishing element
Informação: RoleDescriptor:gerente_projeto: 16 mini seconds publishing element
Informação: RoleDescriptor:lider_tecnico: 0 mini seconds publishing element
Informação: WorkProductDescriptor:backlog_do_produto: 0 mini seconds publishing element
Informação: Task:cultivo_backlog: 16 mini seconds publishing element
Informação: Task:realizar_reuniao_de_planejamento_da_sprint: 15 mini seconds publishing element
Informação: Artifact:orientacao_planejamento_sprint: 0 mini seconds publishing element
Informação: RoleDescriptor:equipe_de_desenvolvimento: 0 mini seconds publishing element
Informação: RoleDescriptor:lider_tecnico: 0 mini seconds publishing element
Informação: WorkProductDescriptor:backlog_do_produto: 0 mini seconds publishing element
Informação: Task:especificar_caso_de_uso: 15 mini seconds publishing element
Informação: Artifact:caso_de_uso_crud_especifico: 16 mini seconds publishing element
Informação: Artifact:caso_de_uso_crud_generico: 0 mini seconds publishing element
Informação: Artifact:documento_de_especificacao_de_caso_de_uso: 16 mini seconds publishing element
Informação: Artifact:caso_de_uso_complementar: 15 mini seconds publishing element
Informação: RoleDescriptor:equipe_de_desenvolvimento: 0 mini seconds publishing element
Informação: RoleDescriptor:lider_tecnico: 0 mini seconds publishing element
Informação: WorkProductDescriptor:documento_de_especificacao_de_caso_de_uso: 0 mini seconds publishing element
Informação: Task:preparar_ambiente: 16 mini seconds publishing element
Informação: Task:implementar_caso_de_uso: 16 mini seconds publishing element
Informação: Task:gerar_release: 0 mini seconds publishing element
Informação: Artifact:documento_de_preparacao_do_ambiente: 15 mini seconds publishing element
Informação: Artifact:caso_de_uso_implementado: 0 mini seconds publishing element
Informação: Artifact:release_do_produto: 16 mini seconds publishing element
Informação: RoleDescriptor:equipe_de_desenvolvimento: 15 mini seconds publishing element
Informação: RoleDescriptor:lider_tecnico: 0 mini seconds publishing element
Informação: WorkProductDescriptor:backlog_do_produto: 0 mini seconds publishing element
Informação: WorkProductDescriptor:documento_de_especificacao_de_caso_de_uso: 0 mini seconds publishing element
Informação: WorkProductDescriptor:release_do_produto: 0 mini seconds publishing element
Informação: Task:especificar_caso_de_teste: 16 mini seconds publishing element
Informação: Task:executar_teste: 0 mini seconds publishing element
Informação: Task:reportar_defeitos: 0 mini seconds publishing element
Informação: Artifact:planilha_de_teste: 15 mini seconds publishing element
Informação: RoleDescriptor:equipe_de_desenvolvimento: 0 mini seconds publishing element
Informação: RoleDescriptor:gerente_projeto: 0 mini seconds publishing element
Informação: RoleDescriptor:lider_tecnico: 0 mini seconds publishing element
Informação: WorkProductDescriptor:backlog_do_produto: 0 mini seconds publishing element
Informação: WorkProductDescriptor:release_do_produto: 0 mini seconds publishing element
Informação: Task:realizar_reuniao_de_revisao_da_sprint: 16 mini seconds publishing element
Informação: Task:realizar_reuniao_retrospectiva: 0 mini seconds publishing element
Informação: RoleDescriptor:equipe_de_desenvolvimento: 0 mini seconds publishing element
Informação: RoleDescriptor:gerente_projeto: 15 mini seconds publishing element
Informação: RoleDescriptor:lider_tecnico: 0 mini seconds publishing element
Informação: WorkProductDescriptor:backlog_do_produto: 0 mini seconds publishing element
Informação: Task:elaborar_plano_projeto: 110 mini seconds publishing element
Informação: Task:realizar_reuniao_de_kickoff: 46 mini seconds publishing element
Informação: Task:realizar_reuniao_de_status_do_npi: 47 mini seconds publishing element
Informação: Task:realizar_reuniao_diaria: 32 mini seconds publishing element
Informação: Artifact:plano_projeto: 31 mini seconds publishing element
Informação: Artifact:ata_de_reuniao: 47 mini seconds publishing element
Informação: RoleDescriptor:equipe_de_desenvolvimento: 15 mini seconds publishing element
Informação: RoleDescriptor:lider_tecnico: 32 mini seconds publishing element
Informação: Task:criar_plano_de_gerenciamento_de_configuracao: 15 mini seconds publishing element
Informação: Task:estabelecer_um_sistema_de_gestao_de_configuracao: 31 mini seconds publishing element
Informação: Artifact:plano_gerenciamento_configuracao_modelo: 16 mini seconds publishing element
Informação: Artifact:plano_de_gerenciamento_de_configuracao: 47 mini seconds publishing element
Informação: RoleDescriptor:cliente: 47 mini seconds publishing element
Informação: RoleDescriptor:equipe_de_desenvolvimento: 47 mini seconds publishing element
Informação: RoleDescriptor:gerente_projeto: 47 mini seconds publishing element
Informação: RoleDescriptor:lider_tecnico: 46 mini seconds publishing element
Informação: WorkProductDescriptor:backlog_do_produto: 47 mini seconds publishing element
Informação: Task:realizar_reuniao_de_encerramento_do_projeto: 47 mini seconds publishing element
Informação: RoleDescriptor:equipe_de_desenvolvimento: 47 mini seconds publishing element
Informação: RoleDescriptor:gerente_projeto: 47 mini seconds publishing element
Informação: RoleDescriptor:lider_tecnico: 47 mini seconds publishing element
Informação: Task:avaliar_processo: 31 mini seconds publishing element
Informação: Task:corrigir_nao_conformidades: 0 mini seconds publishing element
Informação: Task:sugerir_melhorias: 16 mini seconds publishing element
Informação: Artifact:checklist_qualidade_processo: 15 mini seconds publishing element
Informação: Artifact:tutorial_de_instalacao_do_entities: 0 mini seconds publishing element
Informação: Discipline:iniciar_projeto: 0 mini seconds publishing element
Informação: RoleSet:funcoes_npi: 16 mini seconds publishing element
Informação: Discipline:elicitacao_inicial_requisitos: 0 mini seconds publishing element
Informação: WorkProductType:produtos_de_trabalho_npi: 15 mini seconds publishing element
Informação: Template:documento_de_visao: 16 mini seconds publishing element
Informação: Template:documento_de_especificacao_dos_requisitos: 0 mini seconds publishing element
Informação: Template:backlog_do_produto: 15 mini seconds publishing element
Informação: Discipline:planejar_sprint: 0 mini seconds publishing element
Informação: Discipline:especificar_caso_de_uso: 0 mini seconds publishing element
Informação: Template:caso_de_uso_crud_especifico: 16 mini seconds publishing element
Informação: Template:caso_de_uso_crud_generico: 0 mini seconds publishing element
Informação: Template:caso_de_uso_complementar: 16 mini seconds publishing element
Informação: Discipline:implementacao: 0 mini seconds publishing element
Informação: Template:documento_de_preparacao_do_ambiente: 15 mini seconds publishing element
Informação: Discipline:testes: 0 mini seconds publishing element
Informação: Template:planilha_de_teste: 0 mini seconds publishing element
Informação: Discipline:revisao_da_sprint: 16 mini seconds publishing element
Informação: Discipline:gerenciamento_do_projeto: 0 mini seconds publishing element
Informação: Template:plano_projeto: 16 mini seconds publishing element
Informação: Template:ata_de_reuniao: 0 mini seconds publishing element
Informação: Discipline:gerenciamento_de_configuracao: 0 mini seconds publishing element
Informação: Example:plano_gerenciamento_configuracao_modelo: 15 mini seconds publishing element
Informação: Template:plano_de_gerenciamento_de_configuracao: 0 mini seconds publishing element
Informação: Discipline:encerrar_projeto: 0 mini seconds publishing element
Informação: Discipline:avaliacao_processo: 0 mini seconds publishing element
Informação: Template:checklist_qualidade_processo: 15 mini seconds publishing element
Informação: Template:tutorial_de_instalacao_do_entities: 0 mini seconds publishing element
Informação: : Publishing time: 0 minutes 8 seconds
